# JRE version: OpenJDK Runtime Environment (8.0_265-b01) (build 1.8.0_265-8u265-b01-0ubuntu2~18.04-b01)
# Java VM: OpenJDK 64-Bit Server VM (25.265-b01 mixed mode linux-amd64 compressed oops)
Heap:
 PSYoungGen      total 270336K, used 11608K [0x00000000eb700000, 0x00000000fcd80000, 0x0000000100000000)
  eden space 257024K, 0% used [0x00000000eb700000,0x00000000eb700000,0x00000000fb200000)
  from space 13312K, 87% used [0x00000000fb200000,0x00000000fbd56218,0x00000000fbf00000)
  to   space 9728K, 0% used [0x00000000fbf00000,0x00000000fbf00000,0x00000000fc880000)
 ParOldGen       total 35328K, used 28772K [0x00000000c2400000, 0x00000000c4680000, 0x00000000eb700000)
  object space 35328K, 81% used [0x00000000c2400000,0x00000000c40190a8,0x00000000c4680000)
 Metaspace       used 33065K, capacity 33492K, committed 33920K, reserved 1079296K
  class space    used 3715K, capacity 3888K, committed 3968K, reserved 1048576K
GC Heap History (10 events):
Event: 19.531 GC heap after
Heap after GC invocations=15 (full 1):
 PSYoungGen      total 138752K, used 0K [0x00000000eb700000, 0x00000000f4600000, 0x0000000100000000)
  eden space 131072K, 0% used [0x00000000eb700000,0x00000000eb700000,0x00000000f3700000)
  from space 7680K, 0% used [0x00000000f3e80000,0x00000000f3e80000,0x00000000f4600000)
  to   space 7680K, 0% used [0x00000000f3700000,0x00000000f3700000,0x00000000f3e80000)
 ParOldGen       total 35328K, used 12784K [0x00000000c2400000, 0x00000000c4680000, 0x00000000eb700000)
  object space 35328K, 36% used [0x00000000c2400000,0x00000000c307c130,0x00000000c4680000)
 Metaspace       used 20749K, capacity 21092K, committed 21296K, reserved 1069056K
  class space    used 2301K, capacity 2396K, committed 2432K, reserved 1048576K
}
Event: 21.246 GC heap before
{Heap before GC invocations=16 (full 1):
 PSYoungGen      total 138752K, used 131072K [0x00000000eb700000, 0x00000000f4600000, 0x0000000100000000)
  eden space 131072K, 100% used [0x00000000eb700000,0x00000000f3700000,0x00000000f3700000)
  from space 7680K, 0% used [0x00000000f3e80000,0x00000000f3e80000,0x00000000f4600000)
  to   space 7680K, 0% used [0x00000000f3700000,0x00000000f3700000,0x00000000f3e80000)
 ParOldGen       total 35328K, used 12784K [0x00000000c2400000, 0x00000000c4680000, 0x00000000eb700000)
  object space 35328K, 36% used [0x00000000c2400000,0x00000000c307c130,0x00000000c4680000)
 Metaspace       used 24907K, capacity 25194K, committed 25472K, reserved 1071104K
  class space    used 2825K, capacity 2909K, committed 2944K, reserved 1048576K
Event: 21.264 GC heap after
Heap after GC invocations=16 (full 1):
 PSYoungGen      total 138752K, used 3515K [0x00000000eb700000, 0x00000000f8680000, 0x0000000100000000)
  eden space 131072K, 0% used [0x00000000eb700000,0x00000000eb700000,0x00000000f3700000)
  from space 7680K, 45% used [0x00000000f3700000,0x00000000f3a6ef58,0x00000000f3e80000)
  to   space 7168K, 0% used [0x00000000f7f80000,0x00000000f7f80000,0x00000000f8680000)
 ParOldGen       total 35328K, used 12784K [0x00000000c2400000, 0x00000000c4680000, 0x00000000eb700000)
  object space 35328K, 36% used [0x00000000c2400000,0x00000000c307c130,0x00000000c4680000)
 Metaspace       used 24907K, capacity 25194K, committed 25472K, reserved 1071104K
  class space    used 2825K, capacity 2909K, committed 2944K, reserved 1048576K
}
Event: 22.850 GC heap before
{Heap before GC invocations=17 (full 1):
 PSYoungGen      total 138752K, used 134587K [0x00000000eb700000, 0x00000000f8680000, 0x0000000100000000)
  eden space 131072K, 100% used [0x00000000eb700000,0x00000000f3700000,0x00000000f3700000)
  from space 7680K, 45% used [0x00000000f3700000,0x00000000f3a6ef58,0x00000000f3e80000)
  to   space 7168K, 0% used [0x00000000f7f80000,0x00000000f7f80000,0x00000000f8680000)
 ParOldGen       total 35328K, used 12784K [0x00000000c2400000, 0x00000000c4680000, 0x00000000eb700000)
  object space 35328K, 36% used [0x00000000c2400000,0x00000000c307c130,0x00000000c4680000)
 Metaspace       used 26547K, capacity 26954K, committed 27264K, reserved 1073152K
  class space    used 3010K, capacity 3149K, committed 3200K, reserved 1048576K
Event: 22.865 GC heap after
Heap after GC invocations=17 (full 1):
 PSYoungGen      total 203264K, used 7158K [0x00000000eb700000, 0x00000000f8900000, 0x0000000100000000)
  eden space 196096K, 0% used [0x00000000eb700000,0x00000000eb700000,0x00000000f7680000)
  from space 7168K, 99% used [0x00000000f7f80000,0x00000000f867db40,0x00000000f8680000)
  to   space 9216K, 0% used [0x00000000f7680000,0x00000000f7680000,0x00000000f7f80000)
 ParOldGen       total 35328K, used 15559K [0x00000000c2400000, 0x00000000c4680000, 0x00000000eb700000)
  object space 35328K, 44% used [0x00000000c2400000,0x00000000c3331c58,0x00000000c4680000)
 Metaspace       used 26547K, capacity 26954K, committed 27264K, reserved 1073152K
  class space    used 3010K, capacity 3149K, committed 3200K, reserved 1048576K
}
Event: 24.609 GC heap before
{Heap before GC invocations=18 (full 1):
 PSYoungGen      total 203264K, used 203254K [0x00000000eb700000, 0x00000000f8900000, 0x0000000100000000)
  eden space 196096K, 100% used [0x00000000eb700000,0x00000000f7680000,0x00000000f7680000)
  from space 7168K, 99% used [0x00000000f7f80000,0x00000000f867db40,0x00000000f8680000)
  to   space 9216K, 0% used [0x00000000f7680000,0x00000000f7680000,0x00000000f7f80000)
 ParOldGen       total 35328K, used 15559K [0x00000000c2400000, 0x00000000c4680000, 0x00000000eb700000)
  object space 35328K, 44% used [0x00000000c2400000,0x00000000c3331c58,0x00000000c4680000)
 Metaspace       used 29722K, capacity 30100K, committed 30336K, reserved 1077248K
  class space    used 3320K, capacity 3444K, committed 3456K, reserved 1048576K
Event: 24.629 GC heap after
Heap after GC invocations=18 (full 1):
 PSYoungGen      total 205312K, used 6519K [0x00000000eb700000, 0x00000000fc880000, 0x0000000100000000)
  eden space 196096K, 0% used [0x00000000eb700000,0x00000000eb700000,0x00000000f7680000)
  from space 9216K, 70% used [0x00000000f7680000,0x00000000f7cddfc0,0x00000000f7f80000)
  to   space 9728K, 0% used [0x00000000fbf00000,0x00000000fbf00000,0x00000000fc880000)
 ParOldGen       total 35328K, used 19279K [0x00000000c2400000, 0x00000000c4680000, 0x00000000eb700000)
  object space 35328K, 54% used [0x00000000c2400000,0x00000000c36d3ca8,0x00000000c4680000)
 Metaspace       used 29722K, capacity 30100K, committed 30336K, reserved 1077248K
  class space    used 3320K, capacity 3444K, committed 3456K, reserved 1048576K
}
Event: 36.815 GC heap before
{Heap before GC invocations=19 (full 1):
 PSYoungGen      total 205312K, used 202615K [0x00000000eb700000, 0x00000000fc880000, 0x0000000100000000)
  eden space 196096K, 100% used [0x00000000eb700000,0x00000000f7680000,0x00000000f7680000)
  from space 9216K, 70% used [0x00000000f7680000,0x00000000f7cddfc0,0x00000000f7f80000)
  to   space 9728K, 0% used [0x00000000fbf00000,0x00000000fbf00000,0x00000000fc880000)
 ParOldGen       total 35328K, used 19279K [0x00000000c2400000, 0x00000000c4680000, 0x00000000eb700000)
  object space 35328K, 54% used [0x00000000c2400000,0x00000000c36d3ca8,0x00000000c4680000)
 Metaspace       used 31632K, capacity 32054K, committed 32512K, reserved 1077248K
  class space    used 3608K, capacity 3749K, committed 3840K, reserved 1048576K
Event: 36.987 GC heap after
Heap after GC invocations=19 (full 1):
 PSYoungGen      total 266752K, used 9698K [0x00000000eb700000, 0x00000000fcd80000, 0x0000000100000000)
  eden space 257024K, 0% used [0x00000000eb700000,0x00000000eb700000,0x00000000fb200000)
  from space 9728K, 99% used [0x00000000fbf00000,0x00000000fc878b48,0x00000000fc880000)
  to   space 13312K, 0% used [0x00000000fb200000,0x00000000fb200000,0x00000000fbf00000)
 ParOldGen       total 35328K, used 24728K [0x00000000c2400000, 0x00000000c4680000, 0x00000000eb700000)
  object space 35328K, 69% used [0x00000000c2400000,0x00000000c3c26088,0x00000000c4680000)
 Metaspace       used 31632K, capacity 32054K, committed 32512K, reserved 1077248K
  class space    used 3608K, capacity 3749K, committed 3840K, reserved 1048576K
}
Event: 50.943 GC heap before
{Heap before GC invocations=20 (full 1):
 PSYoungGen      total 266752K, used 266722K [0x00000000eb700000, 0x00000000fcd80000, 0x0000000100000000)
  eden space 257024K, 100% used [0x00000000eb700000,0x00000000fb200000,0x00000000fb200000)
  from space 9728K, 99% used [0x00000000fbf00000,0x00000000fc878b48,0x00000000fc880000)
  to   space 13312K, 0% used [0x00000000fb200000,0x00000000fb200000,0x00000000fbf00000)
 ParOldGen       total 35328K, used 24728K [0x00000000c2400000, 0x00000000c4680000, 0x00000000eb700000)
  object space 35328K, 69% used [0x00000000c2400000,0x00000000c3c26088,0x00000000c4680000)
 Metaspace       used 33065K, capacity 33492K, committed 33920K, reserved 1079296K
  class space    used 3715K, capacity 3888K, committed 3968K, reserved 1048576K

